#
# A fatal error has been detected by the Java Runtime Environment:
#
#  EXCEPTION_ACCESS_VIOLATION (0xc0000005) at pc=0x00007ff9478ef641, pid=13416, tid=18116
#
# JRE version: OpenJDK Runtime Environment (15.0.1+9) (build 15.0.1+9-18)
# Java VM: OpenJDK 64-Bit Server VM (15.0.1+9-18, mixed mode, sharing, tiered, compressed oops, g1 gc, windows-amd64)
# Problematic frame:
# C  [nvoglv64.dll+0xb8f641]
#
# No core dump will be written. Minidumps are not enabled by default on client versions of Windows
#
# If you would like to submit a bug report, please visit:
#   https://bugreport.java.com/bugreport/crash.jsp
# The crash happened outside the Java Virtual Machine in native code.
# See problematic frame for where to report the bug.
#

---------------  S U M M A R Y ------------

Command Line: -javaagent:C:\Program Files\JetBrains\IntelliJ IDEA Community Edition 2020.2.3\lib\idea_rt.jar=53756:C:\Program Files\JetBrains\IntelliJ IDEA Community Edition 2020.2.3\bin -Dfile.encoding=UTF-8 Main

Host: Intel(R) Core(TM) i7-8700 CPU @ 3.20GHz, 12 cores, 15G,  Windows 10 , 64 bit Build 18362 (10.0.18362.778)
Time: Thu Mar 11 11:32:03 2021 Hora estándar romance elapsed time: 0.724794 seconds (0d 0h 0m 0s)

---------------  T H R E A D  ---------------

Current thread (0x0000016687101500):  JavaThread "main" [_thread_in_native, id=18116, stack(0x0000000dfc800000,0x0000000dfc900000)]

Stack: [0x0000000dfc800000,0x0000000dfc900000],  sp=0x0000000dfc8fefe0,  free space=1019k
Native frames: (J=compiled Java code, j=interpreted, Vv=VM code, C=native code)
C  [nvoglv64.dll+0xb8f641]

Java frames: (J=compiled Java code, j=interpreted, Vv=VM code)
j  org.lwjgl.opengl.GL11C.nglDrawElements(IIIJ)V+0
j  org.lwjgl.opengl.GL11C.glDrawElements(IIIJ)V+4
j  org.lwjgl.opengl.GL11.glDrawElements(IIIJ)V+4
j  OpenGL.Mesh.Mesh.render(LOpenGL/Window;)V+57
j  OpenGL.Window.render()V+26
j  OpenGL.Window.loop()V+50
j  OpenGL.Window.run()V+1
j  Main.main([Ljava/lang/String;)V+56
v  ~StubRoutines::call_stub

siginfo: EXCEPTION_ACCESS_VIOLATION (0xc0000005), reading address 0x000000000000008c


Register to memory mapping:

RIP=0x00007ff9478ef641 nvoglv64.dll
RAX=0x0000000b8eb50b42 is an unknown value
RBX=0x0 is NULL
RCX=0x0 is NULL
RDX=0x0000002fe58e6ecb is an unknown value
RSP=0x0000000dfc8fefe0 is pointing into the stack for thread: 0x0000016687101500
RBP=0x00000166acf9f080 points into unknown readable memory: 0x0000000000000000 | 00 00 00 00 00 00 00 00
RSI=0x0000000000000024 is an unknown value
RDI=0x0000000000000001 is an unknown value
R8 =0x0000000000000cbd is an unknown value
R9 =0x0 is NULL
R10=0x0000000000000001 is an unknown value
R11=0x00000043ad8401cf is an unknown value
R12=0x0000000000001405 is an unknown value
R13=0x0000000000001405 is an unknown value
R14=0x0000000dfc8ff1f0 is pointing into the stack for thread: 0x0000016687101500
R15=0x0 is NULL


Registers:
RAX=0x0000000b8eb50b42, RBX=0x0000000000000000, RCX=0x0000000000000000, RDX=0x0000002fe58e6ecb
RSP=0x0000000dfc8fefe0, RBP=0x00000166acf9f080, RSI=0x0000000000000024, RDI=0x0000000000000001
R8 =0x0000000000000cbd, R9 =0x0000000000000000, R10=0x0000000000000001, R11=0x00000043ad8401cf
R12=0x0000000000001405, R13=0x0000000000001405, R14=0x0000000dfc8ff1f0, R15=0x0000000000000000
RIP=0x00007ff9478ef641, EFLAGS=0x0000000000010246

Top of Stack: (sp=0x0000000dfc8fefe0)
0x0000000dfc8fefe0:   0000000000000090 0000000000000000
0x0000000dfc8feff0:   0000016687101500 0000000000000000
0x0000000dfc8ff000:   0000000000000000 0000000000000000
0x0000000dfc8ff010:   000001668f318a00 0000000000000000
0x0000000dfc8ff020:   00007ff9b00f55e0 00000166abca1660
0x0000000dfc8ff030:   00001df10000000e 000000000017555d
0x0000000dfc8ff040:   00000166ab43ce20 0000000000000000
0x0000000dfc8ff050:   0000000dfc8ff1f0 0000000000001405
0x0000000dfc8ff060:   00000166acf9f080 0000000000000004
0x0000000dfc8ff070:   0000000000000024 0000000dfc8ff1b0
0x0000000dfc8ff080:   0000000000000000 00007ff94754d786
0x0000000dfc8ff090:   00000166acf9fed8 0000016600000004
0x0000000dfc8ff0a0:   0000000d00000000 00007ff900000000
0x0000000dfc8ff0b0:   0000000000000090 0000016600001405
0x0000000dfc8ff0c0:   0000000000000000 0000000000000000
0x0000000dfc8ff0d0:   00000166ab43ce00 0000016687101500 

Instructions: (pc=0x00007ff9478ef641)
0x00007ff9478ef541:   00 48 8b e9 44 8b a4 24 d8 00 00 00 45 8b d8 44
0x00007ff9478ef551:   8b c2 8b de 48 8b 91 88 03 00 00 41 8b cc d1 e9
0x00007ff9478ef561:   83 e1 03 48 89 94 24 b0 00 00 00 d3 e3 44 8b 52
0x00007ff9478ef571:   14 8b 42 18 41 f7 d2 44 23 52 0c 41 0b c2 89 9c
0x00007ff9478ef581:   24 d0 00 00 00 f7 d0 23 42 10 80 7a 1e 00 0f 85
0x00007ff9478ef591:   db 08 00 00 80 bd dc ec 55 00 00 0f 85 ce 08 00
0x00007ff9478ef5a1:   00 85 f6 0f 8e c6 08 00 00 3b 9d e8 ee 55 00 0f
0x00007ff9478ef5b1:   8f ba 08 00 00 83 7a 08 00 0f 85 b0 08 00 00 80
0x00007ff9478ef5c1:   7a 1d 00 0f 85 a6 08 00 00 80 7a 1c 00 0f 85 9c
0x00007ff9478ef5d1:   08 00 00 80 bd e5 38 55 00 00 0f 85 8f 08 00 00
0x00007ff9478ef5e1:   80 bd ec 38 55 00 00 0f 85 82 08 00 00 a9 00 00
0x00007ff9478ef5f1:   03 00 0f 85 77 08 00 00 44 0b d0 44 85 52 20 0f
0x00007ff9478ef601:   85 6a 08 00 00 48 89 bc 24 80 00 00 00 48 8d 8d
0x00007ff9478ef611:   40 f0 55 00 4c 89 6c 24 78 bf 01 00 00 00 8b d7
0x00007ff9478ef621:   4c 89 74 24 70 4c 89 7c 24 68 e8 80 25 e7 ff 48
0x00007ff9478ef631:   8b 9c 24 e0 00 00 00 41 81 fc 05 14 00 00 75 18
0x00007ff9478ef641:   8b 44 b3 fc 4c 8d 6e ff 8b 0b 44 8b f0 3b c8 44
0x00007ff9478ef651:   0f 47 f1 0f 42 c1 eb 5c 41 81 fc 03 14 00 00 75
0x00007ff9478ef661:   23 0f b7 4c 73 fe 4c 8d 6e ff 0f b7 13 0f b7 c1
0x00007ff9478ef671:   66 3b d1 66 0f 47 c2 66 0f 42 ca 44 0f b7 f0 0f
0x00007ff9478ef681:   b7 c1 eb 30 41 81 fc 01 14 00 00 0f 85 95 07 00
0x00007ff9478ef691:   00 0f b6 54 33 ff 4c 8d 6e ff 44 0f b6 03 8b ca
0x00007ff9478ef6a1:   44 3a c2 41 0f 47 c8 44 0f b6 f1 8b ca 41 0f 42
0x00007ff9478ef6b1:   c8 0f b6 c1 48 8b 8c 24 b0 00 00 00 44 8d 7e ff
0x00007ff9478ef6c1:   44 2b f0 e8 37 0c 00 00 48 8b 84 24 b0 00 00 00
0x00007ff9478ef6d1:   44 8b 50 78 41 8b c2 41 0f af c6 44 89 94 24 d8
0x00007ff9478ef6e1:   00 00 00 3b 85 ec ee 55 00 0f 8f 37 07 00 00 0f
0x00007ff9478ef6f1:   29 74 24 50 41 81 fc 05 14 00 00 0f 85 15 01 00
0x00007ff9478ef701:   00 44 8b 0b 45 8b f1 48 8d 53 04 3b f7 0f 8e 8d
0x00007ff9478ef711:   03 00 00 41 83 ff 08 0f 82 be 00 00 00 83 3d 3b
0x00007ff9478ef721:   4f bd 01 02 0f 8c b1 00 00 00 41 81 e7 07 00 00
0x00007ff9478ef731:   80 7d 0a 41 ff cf 41 83 cf f8 41 ff c7 66 41 0f 


Stack slot to memory mapping:
stack at sp + 0 slots: 0x0000000000000090 is an unknown value
stack at sp + 1 slots: 0x0 is NULL
stack at sp + 2 slots: 0x0000016687101500 is a thread
stack at sp + 3 slots: 0x0 is NULL
stack at sp + 4 slots: 0x0 is NULL
stack at sp + 5 slots: 0x0 is NULL
stack at sp + 6 slots: 0x000001668f318a00 points into unknown readable memory: 0x0000000000000000 | 00 00 00 00 00 00 00 00
stack at sp + 7 slots: 0x0 is NULL


---------------  P R O C E S S  ---------------

Threads class SMR info:
_java_thread_list=0x00000166af894680, length=13, elements={
0x0000016687101500, 0x00000166ab4a4b70, 0x00000166ab4a5740, 0x00000166ab4bcd70,
0x00000166ab4c0750, 0x00000166ab4c19a0, 0x00000166ab4c73f0, 0x00000166ab4c8640,
0x00000166ab530a10, 0x00000166ab5cc8c0, 0x00000166abae5480, 0x00000166abb368e0,
0x00000166af893eb0
}

Java Threads: ( => current thread )
=>0x0000016687101500 JavaThread "main" [_thread_in_native, id=18116, stack(0x0000000dfc800000,0x0000000dfc900000)]
  0x00000166ab4a4b70 JavaThread "Reference Handler" daemon [_thread_blocked, id=7572, stack(0x0000000dfcf00000,0x0000000dfd000000)]
  0x00000166ab4a5740 JavaThread "Finalizer" daemon [_thread_blocked, id=17668, stack(0x0000000dfd000000,0x0000000dfd100000)]
  0x00000166ab4bcd70 JavaThread "Signal Dispatcher" daemon [_thread_blocked, id=18256, stack(0x0000000dfd100000,0x0000000dfd200000)]
  0x00000166ab4c0750 JavaThread "Attach Listener" daemon [_thread_blocked, id=22668, stack(0x0000000dfd200000,0x0000000dfd300000)]
  0x00000166ab4c19a0 JavaThread "Service Thread" daemon [_thread_blocked, id=27464, stack(0x0000000dfd300000,0x0000000dfd400000)]
  0x00000166ab4c73f0 JavaThread "C2 CompilerThread0" daemon [_thread_blocked, id=2984, stack(0x0000000dfd400000,0x0000000dfd500000)]
  0x00000166ab4c8640 JavaThread "C1 CompilerThread0" daemon [_thread_blocked, id=3100, stack(0x0000000dfd500000,0x0000000dfd600000)]
  0x00000166ab530a10 JavaThread "Sweeper thread" daemon [_thread_blocked, id=20056, stack(0x0000000dfd600000,0x0000000dfd700000)]
  0x00000166ab5cc8c0 JavaThread "Common-Cleaner" daemon [_thread_blocked, id=21716, stack(0x0000000dfd700000,0x0000000dfd800000)]
  0x00000166abae5480 JavaThread "Monitor Ctrl-Break" daemon [_thread_in_native, id=17672, stack(0x0000000dfd800000,0x0000000dfd900000)]
  0x00000166abb368e0 JavaThread "Notification Thread" daemon [_thread_blocked, id=23472, stack(0x0000000dfd900000,0x0000000dfda00000)]
  0x00000166af893eb0 JavaThread "C2 CompilerThread1" daemon [_thread_blocked, id=13284, stack(0x0000000dfdb00000,0x0000000dfdc00000)]

Other Threads:
  0x00000166ab4a1b40 VMThread "VM Thread" [stack: 0x0000000dfce00000,0x0000000dfcf00000] [id=27452]
  0x00000166abb37230 WatcherThread [stack: 0x0000000dfda00000,0x0000000dfdb00000] [id=21252]
  0x0000016687152270 GCTaskThread "GC Thread#0" [stack: 0x0000000dfc900000,0x0000000dfca00000] [id=13352]
  0x00000166871632c0 ConcurrentGCThread "G1 Main Marker" [stack: 0x0000000dfca00000,0x0000000dfcb00000] [id=16244]
  0x0000016687164720 ConcurrentGCThread "G1 Conc#0" [stack: 0x0000000dfcb00000,0x0000000dfcc00000] [id=12476]
  0x00000166aab1c520 ConcurrentGCThread "G1 Refine#0" [stack: 0x0000000dfcc00000,0x0000000dfcd00000] [id=5164]
  0x00000166aab1d120 ConcurrentGCThread "G1 Young RemSet Sampling" [stack: 0x0000000dfcd00000,0x0000000dfce00000] [id=8784]

Threads with active compile tasks:

VM state: not at safepoint (normal execution)

VM Mutex/Monitor currently owned by a thread: None

Heap address: 0x0000000701000000, size: 4080 MB, Compressed Oops mode: Zero based, Oop shift amount: 3
CDS archive(s) mapped at: [0x0000000800000000-0x0000000800b50000-0x0000000800b50000), size 11862016, SharedBaseAddress: 0x0000000800000000, ArchiveRelocationMode: 0.
Compressed class space mapped at: 0x0000000800b50000-0x0000000840b50000, size: 1073741824
Narrow klass base: 0x0000000800000000, Narrow klass shift: 3, Narrow klass range: 0x100000000

GC Precious Log:
 CPUs: 12 total, 12 available
 Memory: 16314M
 Large Page Support: Disabled
 NUMA Support: Disabled
 Compressed Oops: Enabled (Zero based)
 Heap Region Size: 2M
 Heap Min Capacity: 8M
 Heap Initial Capacity: 256M
 Heap Max Capacity: 4080M
 Pre-touch: Disabled
 Parallel Workers: 10
 Concurrent Workers: 3
 Concurrent Refinement Workers: 10
 Periodic GC: Disabled

Heap:
 garbage-first heap   total 262144K, used 16384K [0x0000000701000000, 0x0000000800000000)
  region size 2048K, 9 young (18432K), 0 survivors (0K)
 Metaspace       used 6451K, capacity 8705K, committed 8832K, reserved 1056768K
  class space    used 395K, capacity 640K, committed 640K, reserved 1048576K

Heap Regions: E=young(eden), S=young(survivor), O=old, HS=humongous(starts), HC=humongous(continues), CS=collection set, F=free, OA=open archive, CA=closed archive, TAMS=top-at-mark-start (previous, next)
|   0|0x0000000701000000, 0x0000000701000000, 0x0000000701200000|  0%| F|  |TAMS 0x0000000701000000, 0x0000000701000000| Untracked 
|   1|0x0000000701200000, 0x0000000701200000, 0x0000000701400000|  0%| F|  |TAMS 0x0000000701200000, 0x0000000701200000| Untracked 
|   2|0x0000000701400000, 0x0000000701400000, 0x0000000701600000|  0%| F|  |TAMS 0x0000000701400000, 0x0000000701400000| Untracked 
|   3|0x0000000701600000, 0x0000000701600000, 0x0000000701800000|  0%| F|  |TAMS 0x0000000701600000, 0x0000000701600000| Untracked 
|   4|0x0000000701800000, 0x0000000701800000, 0x0000000701a00000|  0%| F|  |TAMS 0x0000000701800000, 0x0000000701800000| Untracked 
|   5|0x0000000701a00000, 0x0000000701a00000, 0x0000000701c00000|  0%| F|  |TAMS 0x0000000701a00000, 0x0000000701a00000| Untracked 
|   6|0x0000000701c00000, 0x0000000701c00000, 0x0000000701e00000|  0%| F|  |TAMS 0x0000000701c00000, 0x0000000701c00000| Untracked 
|   7|0x0000000701e00000, 0x0000000701e00000, 0x0000000702000000|  0%| F|  |TAMS 0x0000000701e00000, 0x0000000701e00000| Untracked 
|   8|0x0000000702000000, 0x0000000702000000, 0x0000000702200000|  0%| F|  |TAMS 0x0000000702000000, 0x0000000702000000| Untracked 
|   9|0x0000000702200000, 0x0000000702200000, 0x0000000702400000|  0%| F|  |TAMS 0x0000000702200000, 0x0000000702200000| Untracked 
|  10|0x0000000702400000, 0x0000000702400000, 0x0000000702600000|  0%| F|  |TAMS 0x0000000702400000, 0x0000000702400000| Untracked 
|  11|0x0000000702600000, 0x0000000702600000, 0x0000000702800000|  0%| F|  |TAMS 0x0000000702600000, 0x0000000702600000| Untracked 
|  12|0x0000000702800000, 0x0000000702800000, 0x0000000702a00000|  0%| F|  |TAMS 0x0000000702800000, 0x0000000702800000| Untracked 
|  13|0x0000000702a00000, 0x0000000702a00000, 0x0000000702c00000|  0%| F|  |TAMS 0x0000000702a00000, 0x0000000702a00000| Untracked 
|  14|0x0000000702c00000, 0x0000000702c00000, 0x0000000702e00000|  0%| F|  |TAMS 0x0000000702c00000, 0x0000000702c00000| Untracked 
|  15|0x0000000702e00000, 0x0000000702e00000, 0x0000000703000000|  0%| F|  |TAMS 0x0000000702e00000, 0x0000000702e00000| Untracked 
|  16|0x0000000703000000, 0x0000000703000000, 0x0000000703200000|  0%| F|  |TAMS 0x0000000703000000, 0x0000000703000000| Untracked 
|  17|0x0000000703200000, 0x0000000703200000, 0x0000000703400000|  0%| F|  |TAMS 0x0000000703200000, 0x0000000703200000| Untracked 
|  18|0x0000000703400000, 0x0000000703400000, 0x0000000703600000|  0%| F|  |TAMS 0x0000000703400000, 0x0000000703400000| Untracked 
|  19|0x0000000703600000, 0x0000000703600000, 0x0000000703800000|  0%| F|  |TAMS 0x0000000703600000, 0x0000000703600000| Untracked 
|  20|0x0000000703800000, 0x0000000703800000, 0x0000000703a00000|  0%| F|  |TAMS 0x0000000703800000, 0x0000000703800000| Untracked 
|  21|0x0000000703a00000, 0x0000000703a00000, 0x0000000703c00000|  0%| F|  |TAMS 0x0000000703a00000, 0x0000000703a00000| Untracked 
|  22|0x0000000703c00000, 0x0000000703c00000, 0x0000000703e00000|  0%| F|  |TAMS 0x0000000703c00000, 0x0000000703c00000| Untracked 
|  23|0x0000000703e00000, 0x0000000703e00000, 0x0000000704000000|  0%| F|  |TAMS 0x0000000703e00000, 0x0000000703e00000| Untracked 
|  24|0x0000000704000000, 0x0000000704000000, 0x0000000704200000|  0%| F|  |TAMS 0x0000000704000000, 0x0000000704000000| Untracked 
|  25|0x0000000704200000, 0x0000000704200000, 0x0000000704400000|  0%| F|  |TAMS 0x0000000704200000, 0x0000000704200000| Untracked 
|  26|0x0000000704400000, 0x0000000704400000, 0x0000000704600000|  0%| F|  |TAMS 0x0000000704400000, 0x0000000704400000| Untracked 
|  27|0x0000000704600000, 0x0000000704600000, 0x0000000704800000|  0%| F|  |TAMS 0x0000000704600000, 0x0000000704600000| Untracked 
|  28|0x0000000704800000, 0x0000000704800000, 0x0000000704a00000|  0%| F|  |TAMS 0x0000000704800000, 0x0000000704800000| Untracked 
|  29|0x0000000704a00000, 0x0000000704a00000, 0x0000000704c00000|  0%| F|  |TAMS 0x0000000704a00000, 0x0000000704a00000| Untracked 
|  30|0x0000000704c00000, 0x0000000704c00000, 0x0000000704e00000|  0%| F|  |TAMS 0x0000000704c00000, 0x0000000704c00000| Untracked 
|  31|0x0000000704e00000, 0x0000000704e00000, 0x0000000705000000|  0%| F|  |TAMS 0x0000000704e00000, 0x0000000704e00000| Untracked 
|  32|0x0000000705000000, 0x0000000705000000, 0x0000000705200000|  0%| F|  |TAMS 0x0000000705000000, 0x0000000705000000| Untracked 
|  33|0x0000000705200000, 0x0000000705200000, 0x0000000705400000|  0%| F|  |TAMS 0x0000000705200000, 0x0000000705200000| Untracked 
|  34|0x0000000705400000, 0x0000000705400000, 0x0000000705600000|  0%| F|  |TAMS 0x0000000705400000, 0x0000000705400000| Untracked 
|  35|0x0000000705600000, 0x0000000705600000, 0x0000000705800000|  0%| F|  |TAMS 0x0000000705600000, 0x0000000705600000| Untracked 
|  36|0x0000000705800000, 0x0000000705800000, 0x0000000705a00000|  0%| F|  |TAMS 0x0000000705800000, 0x0000000705800000| Untracked 
|  37|0x0000000705a00000, 0x0000000705a00000, 0x0000000705c00000|  0%| F|  |TAMS 0x0000000705a00000, 0x0000000705a00000| Untracked 
|  38|0x0000000705c00000, 0x0000000705c00000, 0x0000000705e00000|  0%| F|  |TAMS 0x0000000705c00000, 0x0000000705c00000| Untracked 
|  39|0x0000000705e00000, 0x0000000705e00000, 0x0000000706000000|  0%| F|  |TAMS 0x0000000705e00000, 0x0000000705e00000| Untracked 
|  40|0x0000000706000000, 0x0000000706000000, 0x0000000706200000|  0%| F|  |TAMS 0x0000000706000000, 0x0000000706000000| Untracked 
|  41|0x0000000706200000, 0x0000000706200000, 0x0000000706400000|  0%| F|  |TAMS 0x0000000706200000, 0x0000000706200000| Untracked 
|  42|0x0000000706400000, 0x0000000706400000, 0x0000000706600000|  0%| F|  |TAMS 0x0000000706400000, 0x0000000706400000| Untracked 
|  43|0x0000000706600000, 0x0000000706600000, 0x0000000706800000|  0%| F|  |TAMS 0x0000000706600000, 0x0000000706600000| Untracked 
|  44|0x0000000706800000, 0x0000000706800000, 0x0000000706a00000|  0%| F|  |TAMS 0x0000000706800000, 0x0000000706800000| Untracked 
|  45|0x0000000706a00000, 0x0000000706a00000, 0x0000000706c00000|  0%| F|  |TAMS 0x0000000706a00000, 0x0000000706a00000| Untracked 
|  46|0x0000000706c00000, 0x0000000706c00000, 0x0000000706e00000|  0%| F|  |TAMS 0x0000000706c00000, 0x0000000706c00000| Untracked 
|  47|0x0000000706e00000, 0x0000000706e00000, 0x0000000707000000|  0%| F|  |TAMS 0x0000000706e00000, 0x0000000706e00000| Untracked 
|  48|0x0000000707000000, 0x0000000707000000, 0x0000000707200000|  0%| F|  |TAMS 0x0000000707000000, 0x0000000707000000| Untracked 
|  49|0x0000000707200000, 0x0000000707200000, 0x0000000707400000|  0%| F|  |TAMS 0x0000000707200000, 0x0000000707200000| Untracked 
|  50|0x0000000707400000, 0x0000000707400000, 0x0000000707600000|  0%| F|  |TAMS 0x0000000707400000, 0x0000000707400000| Untracked 
|  51|0x0000000707600000, 0x0000000707600000, 0x0000000707800000|  0%| F|  |TAMS 0x0000000707600000, 0x0000000707600000| Untracked 
|  52|0x0000000707800000, 0x0000000707800000, 0x0000000707a00000|  0%| F|  |TAMS 0x0000000707800000, 0x0000000707800000| Untracked 
|  53|0x0000000707a00000, 0x0000000707a00000, 0x0000000707c00000|  0%| F|  |TAMS 0x0000000707a00000, 0x0000000707a00000| Untracked 
|  54|0x0000000707c00000, 0x0000000707c00000, 0x0000000707e00000|  0%| F|  |TAMS 0x0000000707c00000, 0x0000000707c00000| Untracked 
|  55|0x0000000707e00000, 0x0000000707e00000, 0x0000000708000000|  0%| F|  |TAMS 0x0000000707e00000, 0x0000000707e00000| Untracked 
|  56|0x0000000708000000, 0x0000000708000000, 0x0000000708200000|  0%| F|  |TAMS 0x0000000708000000, 0x0000000708000000| Untracked 
|  57|0x0000000708200000, 0x0000000708200000, 0x0000000708400000|  0%| F|  |TAMS 0x0000000708200000, 0x0000000708200000| Untracked 
|  58|0x0000000708400000, 0x0000000708400000, 0x0000000708600000|  0%| F|  |TAMS 0x0000000708400000, 0x0000000708400000| Untracked 
|  59|0x0000000708600000, 0x0000000708600000, 0x0000000708800000|  0%| F|  |TAMS 0x0000000708600000, 0x0000000708600000| Untracked 
|  60|0x0000000708800000, 0x0000000708800000, 0x0000000708a00000|  0%| F|  |TAMS 0x0000000708800000, 0x0000000708800000| Untracked 
|  61|0x0000000708a00000, 0x0000000708a00000, 0x0000000708c00000|  0%| F|  |TAMS 0x0000000708a00000, 0x0000000708a00000| Untracked 
|  62|0x0000000708c00000, 0x0000000708c00000, 0x0000000708e00000|  0%| F|  |TAMS 0x0000000708c00000, 0x0000000708c00000| Untracked 
|  63|0x0000000708e00000, 0x0000000708e00000, 0x0000000709000000|  0%| F|  |TAMS 0x0000000708e00000, 0x0000000708e00000| Untracked 
|  64|0x0000000709000000, 0x0000000709000000, 0x0000000709200000|  0%| F|  |TAMS 0x0000000709000000, 0x0000000709000000| Untracked 
|  65|0x0000000709200000, 0x0000000709200000, 0x0000000709400000|  0%| F|  |TAMS 0x0000000709200000, 0x0000000709200000| Untracked 
|  66|0x0000000709400000, 0x0000000709400000, 0x0000000709600000|  0%| F|  |TAMS 0x0000000709400000, 0x0000000709400000| Untracked 
|  67|0x0000000709600000, 0x0000000709600000, 0x0000000709800000|  0%| F|  |TAMS 0x0000000709600000, 0x0000000709600000| Untracked 
|  68|0x0000000709800000, 0x0000000709800000, 0x0000000709a00000|  0%| F|  |TAMS 0x0000000709800000, 0x0000000709800000| Untracked 
|  69|0x0000000709a00000, 0x0000000709a00000, 0x0000000709c00000|  0%| F|  |TAMS 0x0000000709a00000, 0x0000000709a00000| Untracked 
|  70|0x0000000709c00000, 0x0000000709c00000, 0x0000000709e00000|  0%| F|  |TAMS 0x0000000709c00000, 0x0000000709c00000| Untracked 
|  71|0x0000000709e00000, 0x0000000709e00000, 0x000000070a000000|  0%| F|  |TAMS 0x0000000709e00000, 0x0000000709e00000| Untracked 
|  72|0x000000070a000000, 0x000000070a000000, 0x000000070a200000|  0%| F|  |TAMS 0x000000070a000000, 0x000000070a000000| Untracked 
|  73|0x000000070a200000, 0x000000070a200000, 0x000000070a400000|  0%| F|  |TAMS 0x000000070a200000, 0x000000070a200000| Untracked 
|  74|0x000000070a400000, 0x000000070a400000, 0x000000070a600000|  0%| F|  |TAMS 0x000000070a400000, 0x000000070a400000| Untracked 
|  75|0x000000070a600000, 0x000000070a600000, 0x000000070a800000|  0%| F|  |TAMS 0x000000070a600000, 0x000000070a600000| Untracked 
|  76|0x000000070a800000, 0x000000070a800000, 0x000000070aa00000|  0%| F|  |TAMS 0x000000070a800000, 0x000000070a800000| Untracked 
|  77|0x000000070aa00000, 0x000000070aa00000, 0x000000070ac00000|  0%| F|  |TAMS 0x000000070aa00000, 0x000000070aa00000| Untracked 
|  78|0x000000070ac00000, 0x000000070ac00000, 0x000000070ae00000|  0%| F|  |TAMS 0x000000070ac00000, 0x000000070ac00000| Untracked 
|  79|0x000000070ae00000, 0x000000070ae00000, 0x000000070b000000|  0%| F|  |TAMS 0x000000070ae00000, 0x000000070ae00000| Untracked 
|  80|0x000000070b000000, 0x000000070b000000, 0x000000070b200000|  0%| F|  |TAMS 0x000000070b000000, 0x000000070b000000| Untracked 
|  81|0x000000070b200000, 0x000000070b200000, 0x000000070b400000|  0%| F|  |TAMS 0x000000070b200000, 0x000000070b200000| Untracked 
|  82|0x000000070b400000, 0x000000070b400000, 0x000000070b600000|  0%| F|  |TAMS 0x000000070b400000, 0x000000070b400000| Untracked 
|  83|0x000000070b600000, 0x000000070b600000, 0x000000070b800000|  0%| F|  |TAMS 0x000000070b600000, 0x000000070b600000| Untracked 
|  84|0x000000070b800000, 0x000000070b800000, 0x000000070ba00000|  0%| F|  |TAMS 0x000000070b800000, 0x000000070b800000| Untracked 
|  85|0x000000070ba00000, 0x000000070ba00000, 0x000000070bc00000|  0%| F|  |TAMS 0x000000070ba00000, 0x000000070ba00000| Untracked 
|  86|0x000000070bc00000, 0x000000070bc00000, 0x000000070be00000|  0%| F|  |TAMS 0x000000070bc00000, 0x000000070bc00000| Untracked 
|  87|0x000000070be00000, 0x000000070be00000, 0x000000070c000000|  0%| F|  |TAMS 0x000000070be00000, 0x000000070be00000| Untracked 
|  88|0x000000070c000000, 0x000000070c000000, 0x000000070c200000|  0%| F|  |TAMS 0x000000070c000000, 0x000000070c000000| Untracked 
|  89|0x000000070c200000, 0x000000070c200000, 0x000000070c400000|  0%| F|  |TAMS 0x000000070c200000, 0x000000070c200000| Untracked 
|  90|0x000000070c400000, 0x000000070c400000, 0x000000070c600000|  0%| F|  |TAMS 0x000000070c400000, 0x000000070c400000| Untracked 
|  91|0x000000070c600000, 0x000000070c600000, 0x000000070c800000|  0%| F|  |TAMS 0x000000070c600000, 0x000000070c600000| Untracked 
|  92|0x000000070c800000, 0x000000070c800000, 0x000000070ca00000|  0%| F|  |TAMS 0x000000070c800000, 0x000000070c800000| Untracked 
|  93|0x000000070ca00000, 0x000000070ca00000, 0x000000070cc00000|  0%| F|  |TAMS 0x000000070ca00000, 0x000000070ca00000| Untracked 
|  94|0x000000070cc00000, 0x000000070cc00000, 0x000000070ce00000|  0%| F|  |TAMS 0x000000070cc00000, 0x000000070cc00000| Untracked 
|  95|0x000000070ce00000, 0x000000070ce00000, 0x000000070d000000|  0%| F|  |TAMS 0x000000070ce00000, 0x000000070ce00000| Untracked 
|  96|0x000000070d000000, 0x000000070d000000, 0x000000070d200000|  0%| F|  |TAMS 0x000000070d000000, 0x000000070d000000| Untracked 
|  97|0x000000070d200000, 0x000000070d200000, 0x000000070d400000|  0%| F|  |TAMS 0x000000070d200000, 0x000000070d200000| Untracked 
|  98|0x000000070d400000, 0x000000070d400000, 0x000000070d600000|  0%| F|  |TAMS 0x000000070d400000, 0x000000070d400000| Untracked 
|  99|0x000000070d600000, 0x000000070d600000, 0x000000070d800000|  0%| F|  |TAMS 0x000000070d600000, 0x000000070d600000| Untracked 
| 100|0x000000070d800000, 0x000000070d800000, 0x000000070da00000|  0%| F|  |TAMS 0x000000070d800000, 0x000000070d800000| Untracked 
| 101|0x000000070da00000, 0x000000070da00000, 0x000000070dc00000|  0%| F|  |TAMS 0x000000070da00000, 0x000000070da00000| Untracked 
| 102|0x000000070dc00000, 0x000000070dc00000, 0x000000070de00000|  0%| F|  |TAMS 0x000000070dc00000, 0x000000070dc00000| Untracked 
| 103|0x000000070de00000, 0x000000070de00000, 0x000000070e000000|  0%| F|  |TAMS 0x000000070de00000, 0x000000070de00000| Untracked 
| 104|0x000000070e000000, 0x000000070e000000, 0x000000070e200000|  0%| F|  |TAMS 0x000000070e000000, 0x000000070e000000| Untracked 
| 105|0x000000070e200000, 0x000000070e200000, 0x000000070e400000|  0%| F|  |TAMS 0x000000070e200000, 0x000000070e200000| Untracked 
| 106|0x000000070e400000, 0x000000070e400000, 0x000000070e600000|  0%| F|  |TAMS 0x000000070e400000, 0x000000070e400000| Untracked 
| 107|0x000000070e600000, 0x000000070e600000, 0x000000070e800000|  0%| F|  |TAMS 0x000000070e600000, 0x000000070e600000| Untracked 
| 108|0x000000070e800000, 0x000000070e800000, 0x000000070ea00000|  0%| F|  |TAMS 0x000000070e800000, 0x000000070e800000| Untracked 
| 109|0x000000070ea00000, 0x000000070ea00000, 0x000000070ec00000|  0%| F|  |TAMS 0x000000070ea00000, 0x000000070ea00000| Untracked 
| 110|0x000000070ec00000, 0x000000070ec00000, 0x000000070ee00000|  0%| F|  |TAMS 0x000000070ec00000, 0x000000070ec00000| Untracked 
| 111|0x000000070ee00000, 0x000000070ee00000, 0x000000070f000000|  0%| F|  |TAMS 0x000000070ee00000, 0x000000070ee00000| Untracked 
| 112|0x000000070f000000, 0x000000070f000000, 0x000000070f200000|  0%| F|  |TAMS 0x000000070f000000, 0x000000070f000000| Untracked 
| 113|0x000000070f200000, 0x000000070f200000, 0x000000070f400000|  0%| F|  |TAMS 0x000000070f200000, 0x000000070f200000| Untracked 
| 114|0x000000070f400000, 0x000000070f400000, 0x000000070f600000|  0%| F|  |TAMS 0x000000070f400000, 0x000000070f400000| Untracked 
| 115|0x000000070f600000, 0x000000070f600000, 0x000000070f800000|  0%| F|  |TAMS 0x000000070f600000, 0x000000070f600000| Untracked 
| 116|0x000000070f800000, 0x000000070f800000, 0x000000070fa00000|  0%| F|  |TAMS 0x000000070f800000, 0x000000070f800000| Untracked 
| 117|0x000000070fa00000, 0x000000070fa00000, 0x000000070fc00000|  0%| F|  |TAMS 0x000000070fa00000, 0x000000070fa00000| Untracked 
| 118|0x000000070fc00000, 0x000000070fc00000, 0x000000070fe00000|  0%| F|  |TAMS 0x000000070fc00000, 0x000000070fc00000| Untracked 
| 119|0x000000070fe00000, 0x000000070fe71040, 0x0000000710000000| 22%| E|  |TAMS 0x000000070fe00000, 0x000000070fe00000| Complete 
| 120|0x0000000710000000, 0x0000000710200000, 0x0000000710200000|100%| E|CS|TAMS 0x0000000710000000, 0x0000000710000000| Complete 
| 121|0x0000000710200000, 0x0000000710400000, 0x0000000710400000|100%| E|CS|TAMS 0x0000000710200000, 0x0000000710200000| Complete 
| 122|0x0000000710400000, 0x0000000710600000, 0x0000000710600000|100%| E|CS|TAMS 0x0000000710400000, 0x0000000710400000| Complete 
| 123|0x0000000710600000, 0x0000000710800000, 0x0000000710800000|100%| E|CS|TAMS 0x0000000710600000, 0x0000000710600000| Complete 
| 124|0x0000000710800000, 0x0000000710a00000, 0x0000000710a00000|100%| E|CS|TAMS 0x0000000710800000, 0x0000000710800000| Complete 
| 125|0x0000000710a00000, 0x0000000710c00000, 0x0000000710c00000|100%| E|CS|TAMS 0x0000000710a00000, 0x0000000710a00000| Complete 
| 126|0x0000000710c00000, 0x0000000710e00000, 0x0000000710e00000|100%| E|CS|TAMS 0x0000000710c00000, 0x0000000710c00000| Complete 
| 127|0x0000000710e00000, 0x0000000711000000, 0x0000000711000000|100%| E|CS|TAMS 0x0000000710e00000, 0x0000000710e00000| Complete 

Card table byte_map: [0x000001669f070000,0x000001669f870000] _byte_map_base: 0x000001669b868000

Marking Bits (Prev, Next): (CMBitMap*) 0x0000016687152a60, (CMBitMap*) 0x0000016687152aa0
 Prev Bits: [0x00000166a0070000, 0x00000166a4030000)
 Next Bits: [0x00000166a4030000, 0x00000166a7ff0000)

Polling page: 0x0000016684e70000

Metaspace:

Usage:
  Non-class:      7.88 MB capacity,     5.91 MB ( 75%) used,     1.95 MB ( 25%) free+waste,    11.50 KB ( <1%) overhead. 
      Class:    640.00 KB capacity,   395.20 KB ( 62%) used,   240.68 KB ( 38%) free+waste,     4.13 KB ( <1%) overhead. 
       Both:      8.50 MB capacity,     6.30 MB ( 74%) used,     2.19 MB ( 26%) free+waste,    15.63 KB ( <1%) overhead. 

Virtual space:
  Non-class space:        8.00 MB reserved,       8.00 MB (100%) committed 
      Class space:        1.00 GB reserved,     640.00 KB ( <1%) committed 
             Both:        1.01 GB reserved,       8.63 MB ( <1%) committed 

Chunk freelists:
   Non-Class:  63.00 KB
       Class:  0 bytes
        Both:  63.00 KB

MaxMetaspaceSize: 17179869184.00 GB
CompressedClassSpaceSize: 1.00 GB

CodeHeap 'non-profiled nmethods': size=120000Kb used=302Kb max_used=302Kb free=119697Kb
 bounds [0x0000016696de0000, 0x0000016697050000, 0x000001669e310000]
CodeHeap 'profiled nmethods': size=120000Kb used=1624Kb max_used=1624Kb free=118376Kb
 bounds [0x000001668f8b0000, 0x000001668fb20000, 0x0000016696de0000]
CodeHeap 'non-nmethods': size=5760Kb used=1609Kb max_used=1625Kb free=4151Kb
 bounds [0x000001668f310000, 0x000001668f580000, 0x000001668f8b0000]
 total_blobs=1955 nmethods=956 adapters=912
 compilation: enabled
              stopped_count=0, restarted_count=0
 full_count=0

Compilation events (20 events):
Event: 0.705 Thread 0x00000166af893eb0 nmethod 929 0x0000016696e2a990 code [0x0000016696e2ab20, 0x0000016696e2ad58]
Event: 0.705 Thread 0x00000166ab4c8640 nmethod 943 0x000001668fa40490 code [0x000001668fa406a0, 0x000001668fa40ba8]
Event: 0.705 Thread 0x00000166ab4c8640  946       3       java.lang.invoke.LambdaForm::lastUseIndex (76 bytes)
Event: 0.705 Thread 0x00000166ab4c8640 nmethod 946 0x000001668fa40e10 code [0x000001668fa40fc0, 0x000001668fa412e8]
Event: 0.705 Thread 0x00000166ab4c8640  947       3       jdk.internal.org.objectweb.asm.Frame::pop (53 bytes)
Event: 0.706 Thread 0x00000166ab4c8640 nmethod 947 0x000001668fa41490 code [0x000001668fa416c0, 0x000001668fa41df8]
Event: 0.706 Thread 0x00000166ab4c8640  948       3       java.lang.invoke.MethodType::toMethodDescriptorString (28 bytes)
Event: 0.706 Thread 0x00000166ab4c8640 nmethod 948 0x000001668fa42110 code [0x000001668fa422c0, 0x000001668fa424a8]
Event: 0.706 Thread 0x00000166ab4c8640  949       3       jdk.internal.org.objectweb.asm.MethodWriter::visitMethodInsn (191 bytes)
Event: 0.706 Thread 0x00000166ab4c8640 nmethod 949 0x000001668fa42590 code [0x000001668fa427c0, 0x000001668fa42f68]
Event: 0.706 Thread 0x00000166ab4c8640  950       3       jdk.internal.org.objectweb.asm.SymbolTable::addConstantMethodref (24 bytes)
Event: 0.706 Thread 0x00000166ab4c8640 nmethod 950 0x000001668fa43290 code [0x000001668fa43440, 0x000001668fa435e8]
Event: 0.706 Thread 0x00000166ab4c8640  953       3       jdk.internal.org.objectweb.asm.Frame::push (59 bytes)
Event: 0.707 Thread 0x00000166ab4c8640 nmethod 953 0x000001668fa43690 code [0x000001668fa438c0, 0x000001668fa44018]
Event: 0.707 Thread 0x00000166ab4c8640  955       3       jdk.internal.math.FDBigInteger::mult (64 bytes)
Event: 0.707 Thread 0x00000166ab4c8640 nmethod 955 0x000001668fa44310 code [0x000001668fa444c0, 0x000001668fa446f8]
Event: 0.707 Thread 0x00000166ab4c8640  945       3       jdk.internal.org.objectweb.asm.MethodVisitor::<init> (88 bytes)
Event: 0.707 Thread 0x00000166ab4c8640 nmethod 945 0x000001668fa44910 code [0x000001668fa44b60, 0x000001668fa45448]
Event: 0.707 Thread 0x00000166ab4c8640  954       3       jdk.internal.org.objectweb.asm.AnnotationWriter::putAnnotations (67 bytes)
Event: 0.707 Thread 0x00000166ab4c8640 nmethod 954 0x000001668fa45710 code [0x000001668fa45940, 0x000001668fa45d78]

GC Heap History (0 events):
No events

Deoptimization events (16 events):
Event: 0.090 Thread 0x0000016687101500 Uncommon trap: trap_request=0xffffff45 fr.pc=0x0000016696dee670 relative=0x0000000000000890
Event: 0.090 Thread 0x0000016687101500 Uncommon trap: reason=unstable_if action=reinterpret pc=0x0000016696dee670 method=java.util.HashMap.putVal(ILjava/lang/Object;Ljava/lang/Object;ZZ)Ljava/lang/Object; @ 181 c2
Event: 0.090 Thread 0x0000016687101500 DEOPT PACKING pc=0x0000016696dee670 sp=0x0000000dfc8fe970
Event: 0.090 Thread 0x0000016687101500 DEOPT UNPACKING pc=0x000001668f35e42f sp=0x0000000dfc8fe900 mode 2
Event: 0.124 Thread 0x0000016687101500 Uncommon trap: trap_request=0xffffff45 fr.pc=0x0000016696de569c relative=0x000000000000007c
Event: 0.124 Thread 0x0000016687101500 Uncommon trap: reason=unstable_if action=reinterpret pc=0x0000016696de569c method=java.lang.String.isLatin1()Z @ 10 c2
Event: 0.124 Thread 0x0000016687101500 DEOPT PACKING pc=0x0000016696de569c sp=0x0000000dfc8fef30
Event: 0.124 Thread 0x0000016687101500 DEOPT UNPACKING pc=0x000001668f35e42f sp=0x0000000dfc8fee70 mode 2
Event: 0.160 Thread 0x0000016687101500 Uncommon trap: trap_request=0xffffff45 fr.pc=0x0000016696df56e0 relative=0x0000000000000060
Event: 0.160 Thread 0x0000016687101500 Uncommon trap: reason=unstable_if action=reinterpret pc=0x0000016696df56e0 method=java.io.WinNTFileSystem.isSlash(C)Z @ 9 c2
Event: 0.160 Thread 0x0000016687101500 DEOPT PACKING pc=0x0000016696df56e0 sp=0x0000000dfc8fadc0
Event: 0.160 Thread 0x0000016687101500 DEOPT UNPACKING pc=0x000001668f35e42f sp=0x0000000dfc8fad48 mode 2
Event: 0.674 Thread 0x0000016687101500 Uncommon trap: trap_request=0xffffff54 fr.pc=0x0000016696e11de0 relative=0x0000000000000060
Event: 0.674 Thread 0x0000016687101500 Uncommon trap: reason=speculate_null_assert action=make_not_entrant pc=0x0000016696e11de0 method=sun.misc.Unsafe.putLong(Ljava/lang/Object;JJ)V @ 7 c2
Event: 0.674 Thread 0x0000016687101500 DEOPT PACKING pc=0x0000016696e11de0 sp=0x0000000dfc8fef00
Event: 0.674 Thread 0x0000016687101500 DEOPT UNPACKING pc=0x000001668f35e42f sp=0x0000000dfc8fee78 mode 2

Classes unloaded (0 events):
No events

Classes redefined (0 events):
No events

Internal exceptions (18 events):
Event: 0.125 Thread 0x00000166abae5480 Exception <a 'java/lang/NoSuchMethodError'{0x0000000710a7ee08}: 'java.lang.Object java.lang.invoke.DirectMethodHandle$Holder.invokeStatic(java.lang.Object)'> (0x0000000710a7ee08) 
thrown [./open/src/hotspot/share/interpreter/linkResolver.cpp, line 782]
Event: 0.126 Thread 0x00000166abae5480 Exception <a 'java/lang/NoSuchMethodError'{0x0000000710a82718}: 'java.lang.Object java.lang.invoke.DirectMethodHandle$Holder.invokeStaticInit(java.lang.Object)'> (0x0000000710a82718) 
thrown [./open/src/hotspot/share/interpreter/linkResolver.cpp, line 782]
Event: 0.130 Thread 0x00000166abae5480 Exception <a 'java/lang/NoSuchMethodError'{0x0000000710a8fb50}: 'void java.lang.invoke.DirectMethodHandle$Holder.invokeStatic(java.lang.Object, java.lang.Object)'> (0x0000000710a8fb50) 
thrown [./open/src/hotspot/share/interpreter/linkResolver.cpp, line 782]
Event: 0.147 Thread 0x0000016687101500 Exception <a 'java/lang/NoSuchMethodError'{0x0000000710bbaee0}: 'void java.lang.invoke.DirectMethodHandle$Holder.invokeSpecial(java.lang.Object, java.lang.Object, java.lang.Object)'> (0x0000000710bbaee0) 
thrown [./open/src/hotspot/share/interpreter/linkResolver.cpp, line 782]
Event: 0.149 Thread 0x0000016687101500 Exception <a 'java/lang/NoSuchMethodError'{0x0000000710bcf6b0}: 'java.lang.Object java.lang.invoke.DirectMethodHandle$Holder.invokeStatic(java.lang.Object, java.lang.Object, int)'> (0x0000000710bcf6b0) 
thrown [./open/src/hotspot/share/interpreter/linkResolver.cpp, line 782]
Event: 0.150 Thread 0x0000016687101500 Exception <a 'java/lang/NoSuchMethodError'{0x0000000710bdb7f8}: 'void java.lang.invoke.DelegatingMethodHandle$Holder.delegate(java.lang.Object, java.lang.Object, int, java.lang.Object)'> (0x0000000710bdb7f8) 
thrown [./open/src/hotspot/share/interpreter/linkResolver.cpp, line 782]
Event: 0.150 Thread 0x0000016687101500 Exception <a 'java/lang/NoSuchMethodError'{0x0000000710bdf948}: 'int java.lang.invoke.DirectMethodHandle$Holder.invokeSpecial(java.lang.Object, java.lang.Object, java.lang.Object)'> (0x0000000710bdf948) 
thrown [./open/src/hotspot/share/interpreter/linkResolver.cpp, line 782]
Event: 0.174 Thread 0x0000016687101500 Exception <a 'sun/nio/fs/WindowsException'{0x000000071084b950}> (0x000000071084b950) 
thrown [./open/src/hotspot/share/prims/jni.cpp, line 578]
Event: 0.174 Thread 0x0000016687101500 Exception <a 'sun/nio/fs/WindowsException'{0x000000071084bee0}> (0x000000071084bee0) 
thrown [./open/src/hotspot/share/prims/jni.cpp, line 578]
Event: 0.203 Thread 0x0000016687101500 Exception <a 'sun/nio/fs/WindowsException'{0x000000071094d728}> (0x000000071094d728) 
thrown [./open/src/hotspot/share/prims/jni.cpp, line 578]
Event: 0.203 Thread 0x0000016687101500 Exception <a 'sun/nio/fs/WindowsException'{0x000000071094dad8}> (0x000000071094dad8) 
thrown [./open/src/hotspot/share/prims/jni.cpp, line 578]
Event: 0.539 Thread 0x0000016687101500 Exception <a 'sun/nio/fs/WindowsException'{0x00000007109f3210}> (0x00000007109f3210) 
thrown [./open/src/hotspot/share/prims/jni.cpp, line 578]
Event: 0.539 Thread 0x0000016687101500 Exception <a 'sun/nio/fs/WindowsException'{0x00000007109f35f8}> (0x00000007109f35f8) 
thrown [./open/src/hotspot/share/prims/jni.cpp, line 578]
Event: 0.542 Thread 0x0000016687101500 Exception <a 'sun/nio/fs/WindowsException'{0x0000000710606250}> (0x0000000710606250) 
thrown [./open/src/hotspot/share/prims/jni.cpp, line 578]
Event: 0.542 Thread 0x0000016687101500 Exception <a 'sun/nio/fs/WindowsException'{0x0000000710606570}> (0x0000000710606570) 
thrown [./open/src/hotspot/share/prims/jni.cpp, line 578]
Event: 0.681 Thread 0x0000016687101500 Exception <a 'java/lang/ClassNotFoundException'{0x00000007100d6310}: sun/awt/resources/spi/awtProvider> (0x00000007100d6310) 
thrown [./open/src/hotspot/share/classfile/systemDictionary.cpp, line 295]
Event: 0.692 Thread 0x0000016687101500 Exception <a 'java/io/FileNotFoundException'{0x0000000710120d78}> (0x0000000710120d78) 
thrown [./open/src/hotspot/share/prims/jni.cpp, line 578]
Event: 0.695 Thread 0x0000016687101500 Exception <a 'java/io/FileNotFoundException'{0x000000071014f5d0}> (0x000000071014f5d0) 
thrown [./open/src/hotspot/share/prims/jni.cpp, line 578]

Events (20 events):
Event: 0.690 loading class java/lang/invoke/BoundMethodHandle$Species_LLLLLLL
Event: 0.690 loading class java/lang/invoke/BoundMethodHandle$Species_LLLLLLL done
Event: 0.692 loading class java/io/FileNotFoundException
Event: 0.692 loading class java/io/FileNotFoundException done
Event: 0.694 loading class java/lang/invoke/BoundMethodHandle$Species_LLLLLLLL
Event: 0.694 loading class java/lang/invoke/BoundMethodHandle$Species_LLLLLLLL done
Event: 0.694 loading class java/lang/invoke/BoundMethodHandle$Species_LLLLLLLLL
Event: 0.694 loading class java/lang/invoke/BoundMethodHandle$Species_LLLLLLLLL done
Event: 0.695 loading class java/awt/Insets
Event: 0.695 loading class java/awt/Insets done
Event: 0.695 loading class java/awt/GraphicsEnvironment
Event: 0.695 loading class java/awt/GraphicsEnvironment done
Event: 0.696 loading class sun/awt/PlatformGraphicsInfo
Event: 0.696 loading class sun/awt/PlatformGraphicsInfo done
Event: 0.704 loading class java/lang/invoke/BoundMethodHandle$Species_LLLLLLLLLL
Event: 0.704 loading class java/lang/invoke/BoundMethodHandle$Species_LLLLLLLLLL done
Event: 0.705 loading class java/lang/invoke/BoundMethodHandle$Species_LLLLLLLLLLL
Event: 0.705 loading class java/lang/invoke/BoundMethodHandle$Species_LLLLLLLLLLL done
Event: 0.706 loading class jdk/internal/math/FDBigInteger
Event: 0.706 loading class jdk/internal/math/FDBigInteger done


Dynamic libraries:
0x00007ff627d70000 - 0x00007ff627d7d000 	C:\Users\Alex Andreba\.jdks\openjdk-15.0.1\bin\java.exe
0x00007ff9db1e0000 - 0x00007ff9db3d0000 	C:\WINDOWS\SYSTEM32\ntdll.dll
0x00007ff9ad340000 - 0x00007ff9ad352000 	C:\Program Files\Avast Software\Avast\aswhook.dll
0x00007ff9da580000 - 0x00007ff9da632000 	C:\WINDOWS\System32\KERNEL32.DLL
0x00007ff9d8fe0000 - 0x00007ff9d9283000 	C:\WINDOWS\System32\KERNELBASE.dll
0x00007ff9d81a0000 - 0x00007ff9d829a000 	C:\WINDOWS\System32\ucrtbase.dll
0x00007ff9d1520000 - 0x00007ff9d1539000 	C:\Users\Alex Andreba\.jdks\openjdk-15.0.1\bin\VCRUNTIME140.dll
0x00007ff9d26c0000 - 0x00007ff9d26d8000 	C:\Users\Alex Andreba\.jdks\openjdk-15.0.1\bin\jli.dll
0x00007ff9d9290000 - 0x00007ff9d9424000 	C:\WINDOWS\System32\USER32.dll
0x00007ff9d8170000 - 0x00007ff9d8191000 	C:\WINDOWS\System32\win32u.dll
0x00007ff9db040000 - 0x00007ff9db066000 	C:\WINDOWS\System32\GDI32.dll
0x00007ff9d8350000 - 0x00007ff9d84e4000 	C:\WINDOWS\System32\gdi32full.dll
0x00007ff9d84f0000 - 0x00007ff9d858e000 	C:\WINDOWS\System32\msvcp_win.dll
0x00007ff9baf10000 - 0x00007ff9bb195000 	C:\WINDOWS\WinSxS\amd64_microsoft.windows.common-controls_6595b64144ccf1df_6.0.18362.778_none_e6c6b761130d4fb8\COMCTL32.dll
0x00007ff9da3f0000 - 0x00007ff9da48e000 	C:\WINDOWS\System32\msvcrt.dll
0x00007ff9da770000 - 0x00007ff9daaa6000 	C:\WINDOWS\System32\combase.dll
0x00007ff9da120000 - 0x00007ff9da240000 	C:\WINDOWS\System32\RPCRT4.dll
0x00007ff9d8610000 - 0x00007ff9d8690000 	C:\WINDOWS\System32\bcryptPrimitives.dll
0x00007ff9d94b0000 - 0x00007ff9d94de000 	C:\WINDOWS\System32\IMM32.DLL
0x00007ff9d49e0000 - 0x00007ff9d49ec000 	C:\Users\Alex Andreba\.jdks\openjdk-15.0.1\bin\vcruntime140_1.dll
0x00007ff9c2e80000 - 0x00007ff9c2f11000 	C:\Users\Alex Andreba\.jdks\openjdk-15.0.1\bin\msvcp140.dll
0x00007ff9af860000 - 0x00007ff9b03be000 	C:\Users\Alex Andreba\.jdks\openjdk-15.0.1\bin\server\jvm.dll
0x00007ff9da6c0000 - 0x00007ff9da763000 	C:\WINDOWS\System32\ADVAPI32.dll
0x00007ff9d9540000 - 0x00007ff9d95d7000 	C:\WINDOWS\System32\sechost.dll
0x00007ff9d95e0000 - 0x00007ff9d95e8000 	C:\WINDOWS\System32\PSAPI.DLL
0x00007ff9c3d00000 - 0x00007ff9c3d09000 	C:\WINDOWS\SYSTEM32\WSOCK32.dll
0x00007ff9d2870000 - 0x00007ff9d287a000 	C:\WINDOWS\SYSTEM32\VERSION.dll
0x00007ff9d6190000 - 0x00007ff9d61b4000 	C:\WINDOWS\SYSTEM32\WINMM.dll
0x00007ff9da640000 - 0x00007ff9da6af000 	C:\WINDOWS\System32\WS2_32.dll
0x00007ff9d6160000 - 0x00007ff9d618d000 	C:\WINDOWS\SYSTEM32\winmmbase.dll
0x00007ff9d8e40000 - 0x00007ff9d8e8a000 	C:\WINDOWS\System32\cfgmgr32.dll
0x00007ff9d8120000 - 0x00007ff9d8131000 	C:\WINDOWS\System32\kernel.appcore.dll
0x00007ff9d4360000 - 0x00007ff9d436a000 	C:\Users\Alex Andreba\.jdks\openjdk-15.0.1\bin\jimage.dll
0x00007ff9cf5d0000 - 0x00007ff9cf7c4000 	C:\WINDOWS\SYSTEM32\DBGHELP.DLL
0x00007ff9cf0f0000 - 0x00007ff9cf11a000 	C:\WINDOWS\SYSTEM32\dbgcore.DLL
0x00007ff9cf910000 - 0x00007ff9cf91e000 	C:\Users\Alex Andreba\.jdks\openjdk-15.0.1\bin\instrument.dll
0x00007ff9cf940000 - 0x00007ff9cf965000 	C:\Users\Alex Andreba\.jdks\openjdk-15.0.1\bin\java.dll
0x00007ff9d98f0000 - 0x00007ff9d9fd5000 	C:\WINDOWS\System32\SHELL32.dll
0x00007ff9db090000 - 0x00007ff9db139000 	C:\WINDOWS\System32\shcore.dll
0x00007ff9d8690000 - 0x00007ff9d8e10000 	C:\WINDOWS\System32\windows.storage.dll
0x00007ff9d8140000 - 0x00007ff9d8163000 	C:\WINDOWS\System32\profapi.dll
0x00007ff9d80b0000 - 0x00007ff9d80fa000 	C:\WINDOWS\System32\powrprof.dll
0x00007ff9d80a0000 - 0x00007ff9d80b0000 	C:\WINDOWS\System32\UMPDC.dll
0x00007ff9da4a0000 - 0x00007ff9da4f2000 	C:\WINDOWS\System32\shlwapi.dll
0x00007ff9d8590000 - 0x00007ff9d85a7000 	C:\WINDOWS\System32\cryptsp.dll
0x00007ff9cf380000 - 0x00007ff9cf398000 	C:\Users\Alex Andreba\.jdks\openjdk-15.0.1\bin\zip.dll
0x00007ff9cf570000 - 0x00007ff9cf589000 	C:\Users\Alex Andreba\.jdks\openjdk-15.0.1\bin\net.dll
0x00007ff9ccc20000 - 0x00007ff9ccd10000 	C:\WINDOWS\SYSTEM32\WINHTTP.dll
0x00007ff9d78c0000 - 0x00007ff9d7927000 	C:\WINDOWS\system32\mswsock.dll
0x00007ff9cf550000 - 0x00007ff9cf562000 	C:\Users\Alex Andreba\.jdks\openjdk-15.0.1\bin\nio.dll
0x00007ff9ce2b0000 - 0x00007ff9ce2ca000 	C:\Program Files\JetBrains\IntelliJ IDEA Community Edition 2020.2.3\bin\breakgen64.dll
0x00007ff9ab3c0000 - 0x00007ff9ab424000 	C:\Users\Alex Andreba\AppData\Local\Temp\lwjglAlex Andreba\3.2.3-build-13\lwjgl.dll
0x00007ff9ab350000 - 0x00007ff9ab3b2000 	C:\Users\ALEXAN~1\AppData\Local\Temp\lwjglAlex Andreba\3.2.3-build-13\glfw.dll
0x00007ff9d63e0000 - 0x00007ff9d6479000 	C:\WINDOWS\system32\uxtheme.dll
0x00007ff9ce160000 - 0x00007ff9ce1a3000 	C:\WINDOWS\SYSTEM32\dinput8.dll
0x00007ff998780000 - 0x00007ff998791000 	C:\WINDOWS\SYSTEM32\xinput1_4.dll
0x00007ff9d7ec0000 - 0x00007ff9d7eea000 	C:\WINDOWS\SYSTEM32\DEVOBJ.dll
0x00007ff9d6800000 - 0x00007ff9d682d000 	C:\WINDOWS\SYSTEM32\dwmapi.dll
0x00007ff9c2680000 - 0x00007ff9c279a000 	C:\WINDOWS\SYSTEM32\inputhost.dll
0x00007ff9d3080000 - 0x00007ff9d33aa000 	C:\WINDOWS\SYSTEM32\CoreUIComponents.dll
0x00007ff9d59f0000 - 0x00007ff9d5ac4000 	C:\WINDOWS\SYSTEM32\CoreMessaging.dll
0x00007ff9d3810000 - 0x00007ff9d3963000 	C:\WINDOWS\SYSTEM32\wintypes.dll
0x00007ff9d4a20000 - 0x00007ff9d4b0f000 	C:\WINDOWS\SYSTEM32\PROPSYS.dll
0x00007ff9d70c0000 - 0x00007ff9d70f1000 	C:\WINDOWS\SYSTEM32\ntmarta.dll
0x00007ff9d9750000 - 0x00007ff9d9814000 	C:\WINDOWS\System32\OLEAUT32.dll
0x00007ff9d9fe0000 - 0x00007ff9da116000 	C:\WINDOWS\System32\MSCTF.dll
0x00007ff9d6c70000 - 0x00007ff9d6c7e000 	C:\WINDOWS\SYSTEM32\HID.DLL
0x00007ff9dab20000 - 0x00007ff9daf90000 	C:\WINDOWS\System32\SETUPAPI.DLL
0x00007ff9d8e10000 - 0x00007ff9d8e36000 	C:\WINDOWS\System32\bcrypt.dll
0x00007ff9d85b0000 - 0x00007ff9d860c000 	C:\WINDOWS\System32\WINTRUST.dll
0x00007ff9d8100000 - 0x00007ff9d8112000 	C:\WINDOWS\System32\MSASN1.dll
0x00007ff9d8e90000 - 0x00007ff9d8fd9000 	C:\WINDOWS\System32\CRYPT32.dll
0x00007ff9abff0000 - 0x00007ff9ac146000 	C:\WINDOWS\SYSTEM32\opengl32.dll
0x00007ff9abfc0000 - 0x00007ff9abfec000 	C:\WINDOWS\SYSTEM32\GLU32.dll
0x00007ff9d6cd0000 - 0x00007ff9d6cf0000 	C:\WINDOWS\SYSTEM32\dxcore.dll
0x00007ff946d60000 - 0x00007ff9496ec000 	C:\WINDOWS\System32\DriverStore\FileRepository\nv_dispui.inf_amd64_a47441af4cc927c1\nvoglv64.dll
0x00007ff9d95f0000 - 0x00007ff9d9747000 	C:\WINDOWS\System32\ole32.dll
0x00007ff9d4b70000 - 0x00007ff9d4b83000 	C:\WINDOWS\SYSTEM32\WTSAPI32.dll
0x00007ff9d1210000 - 0x00007ff9d123f000 	C:\WINDOWS\SYSTEM32\cryptnet.dll
0x00007ff9d7a40000 - 0x00007ff9d7a4c000 	C:\WINDOWS\SYSTEM32\cryptbase.dll
0x00007ff99c830000 - 0x00007ff99cae9000 	C:\WINDOWS\system32\nvspcap64.dll
0x00007ff9d7130000 - 0x00007ff9d718c000 	C:\WINDOWS\SYSTEM32\WINSTA.dll
0x00007ff9c27a0000 - 0x00007ff9c283e000 	C:\WINDOWS\System32\TextInputFramework.dll
0x00007ff9c1130000 - 0x00007ff9c13d6000 	C:\WINDOWS\System32\iertutil.dll
0x00007ff9a02c0000 - 0x00007ff9a0319000 	C:\Users\Alex Andreba\AppData\Local\Temp\lwjglAlex Andreba\3.2.3-build-13\lwjgl_opengl.dll
0x00007ff99e420000 - 0x00007ff99e59f000 	C:\Users\Alex Andreba\.jdks\openjdk-15.0.1\bin\awt.dll
0x00007ff9d60d0000 - 0x00007ff9d615f000 	C:\WINDOWS\SYSTEM32\apphelp.dll

dbghelp: loaded successfully - version: 4.0.5 - missing functions: none
symbol engine: initialized successfully - sym options: 0x614 - pdb path: .;C:\Users\Alex Andreba\.jdks\openjdk-15.0.1\bin;C:\WINDOWS\SYSTEM32;C:\Program Files\Avast Software\Avast;C:\WINDOWS\WinSxS\amd64_microsoft.windows.common-controls_6595b64144ccf1df_6.0.18362.778_none_e6c6b761130d4fb8;C:\Users\Alex Andreba\.jdks\openjdk-15.0.1\bin\server;C:\Program Files\JetBrains\IntelliJ IDEA Community Edition 2020.2.3\bin;C:\Users\Alex Andreba\AppData\Local\Temp\lwjglAlex Andreba\3.2.3-build-13;C:\Users\ALEXAN~1\AppData\Local\Temp\lwjglAlex Andreba\3.2.3-build-13;C:\WINDOWS\System32\DriverStore\FileRepository\nv_dispui.inf_amd64_a47441af4cc927c1

VM Arguments:
jvm_args: -javaagent:C:\Program Files\JetBrains\IntelliJ IDEA Community Edition 2020.2.3\lib\idea_rt.jar=53756:C:\Program Files\JetBrains\IntelliJ IDEA Community Edition 2020.2.3\bin -Dfile.encoding=UTF-8 
java_command: Main
java_class_path (initial): D:\Java\BJL\out\production\BJL;D:\Java\BJL\lib\jcuda-11.1.1.jar;D:\Java\BJL\lib\jcuda-natives-11.1.1-windows-x86_64.jar;D:\Java\BJL\lib\jcublas-11.1.1.jar;D:\Java\BJL\lib\jcublas-natives-11.1.1-windows-x86_64.jar;D:\Java\BJL\lib\jcurand-11.1.1.jar;D:\Java\BJL\lib\jcurand-natives-11.1.1-windows-x86_64.jar;D:\Java\BJL\lib\jocl-2.0.0.jar;D:\Java\BJL\lib\jocl-blast-1.5.1.jar;D:\Java\BJL\lib\LWJGL\lwjgl.jar;D:\Java\BJL\lib\LWJGL\lwjgl-stb.jar;D:\Java\BJL\lib\LWJGL\lwjgl-glfw.jar;D:\Java\BJL\lib\LWJGL\lwjgl-assimp.jar;D:\Java\BJL\lib\LWJGL\lwjgl-openal.jar;D:\Java\BJL\lib\LWJGL\lwjgl-opengl.jar;D:\Java\BJL\lib\LWJGL\lwjgl-sources.jar;D:\Java\BJL\lib\LWJGL\lwjgl-opengles.jar;D:\Java\BJL\lib\LWJGL\lwjgl-stb-sources.jar;D:\Java\BJL\lib\LWJGL\lwjgl-glfw-sources.jar;D:\Java\BJL\lib\LWJGL\lwjgl-natives-linux.jar;D:\Java\BJL\lib\LWJGL\lwjgl-natives-macos.jar;D:\Java\BJL\lib\LWJGL\lwjgl-assimp-sources.jar;D:\Java\BJL\lib\LWJGL\lwjgl-openal-sources.jar;D:\Java\BJL\lib\LWJGL\lwjgl-opengl-sources.jar;D:\Java\BJL\lib\LWJGL\lwjgl-natives-windows.jar;D:\Java\BJL\lib\LWJGL\lwjgl-opengles-sources.jar;D:\Java\BJL\lib\LWJGL\lwjgl-stb-natives-linux.jar;D:\Java\BJL\lib\LWJGL\lwjgl-stb-natives-macos.jar;D:\Java\BJL\lib\LWJGL\lwjgl-glfw-natives-linux.jar;D:\Java\BJL\lib\LWJGL\lwjgl-glfw-natives-macos.jar;D:\Java\BJL\lib\LWJGL\lwjgl-natives-linux-arm32.jar;D:\Java\BJL\lib\LWJGL\lwjgl-natives-linux-arm64.jar;D:\Java\BJL\lib\LWJGL\lwjgl-natives-windows-x86.jar;D:\Java\BJL\lib\LWJGL\lwjgl-stb-natives-windows.jar;D:\Java\BJL\lib\LWJGL\lwjgl-assimp-natives-linux.jar;D:\Java\BJL\lib\LWJGL\lwjgl-assimp-natives-macos.jar;D:\Java\BJL\lib\LWJGL\lwjgl-glfw-natives-windows.jar;D:\Java\BJL\lib\LWJGL\lwjgl-openal-natives-linux.jar;D:\Java\BJL\lib\LWJGL\lwjgl-openal-natives-macos.jar;D:\Java\BJL\lib\LWJGL\lwjgl-opengl-natives-linux.jar;D:\Java\BJL\lib\LWJGL\lwjgl-opengl-natives-macos.jar;D:\Java\BJL\lib\LWJGL\lwjgl-assimp-natives-windows.jar;D:\Java\BJL\lib\LWJGL\lwjgl-openal-nati
Launcher Type: SUN_STANDARD

[Global flags]
     intx CICompilerCount                          = 4                                         {product} {ergonomic}
     uint ConcGCThreads                            = 3                                         {product} {ergonomic}
     uint G1ConcRefinementThreads                  = 10                                        {product} {ergonomic}
   size_t G1HeapRegionSize                         = 2097152                                   {product} {ergonomic}
    uintx GCDrainStackTargetSize                   = 64                                        {product} {ergonomic}
   size_t InitialHeapSize                          = 268435456                                 {product} {ergonomic}
   size_t MarkStackSize                            = 4194304                                   {product} {ergonomic}
   size_t MaxHeapSize                              = 4278190080                                {product} {ergonomic}
   size_t MaxNewSize                               = 2566914048                                {product} {ergonomic}
   size_t MinHeapDeltaBytes                        = 2097152                                   {product} {ergonomic}
   size_t MinHeapSize                              = 8388608                                   {product} {ergonomic}
    uintx NonNMethodCodeHeapSize                   = 5839372                                {pd product} {ergonomic}
    uintx NonProfiledCodeHeapSize                  = 122909434                              {pd product} {ergonomic}
    uintx ProfiledCodeHeapSize                     = 122909434                              {pd product} {ergonomic}
    uintx ReservedCodeCacheSize                    = 251658240                              {pd product} {ergonomic}
     bool SegmentedCodeCache                       = true                                      {product} {ergonomic}
   size_t SoftMaxHeapSize                          = 4278190080                             {manageable} {ergonomic}
     bool UseCompressedClassPointers               = true                                 {lp64_product} {ergonomic}
     bool UseCompressedOops                        = true                                 {lp64_product} {ergonomic}
     bool UseG1GC                                  = true                                      {product} {ergonomic}
     bool UseLargePagesIndividualAllocation        = false                                  {pd product} {ergonomic}

Logging:
Log output configuration:
 #0: stdout all=warning uptime,level,tags
 #1: stderr all=off uptime,level,tags

Environment Variables:
PATH=C:\Program Files\NVIDIA GPU Computing Toolkit\CUDA\v11.2\bin;C:\Program Files\NVIDIA GPU Computing Toolkit\CUDA\v11.2\libnvvp;C:\Program Files\ImageMagick-7.0.10-Q16;C:\Program Files (x86)\Common Files\Oracle\Java\javapath;C:\ProgramData\Oracle\Java\javapath;C:\WINDOWS\system32;C:\WINDOWS;C:\WINDOWS\System32\Wbem;C:\WINDOWS\System32\WindowsPowerShell\v1.0\;C:\WINDOWS\System32\OpenSSH\;C:\Program Files\PuTTY\;C:\Program Files (x86)\NVIDIA Corporation\PhysX\Common;C:\Program Files\NVIDIA Corporation\NVIDIA NvDLISR;C:\Program Files\dotnet\;C:\Program Files\Git\cmd;C:\Program Files\NVIDIA Corporation\Nsight Compute 2020.3.1\;C:\Users\Alex Andreba\AppData\Local\Programs\Python\Python38\Scripts\;C:\Users\Alex Andreba\AppData\Local\Programs\Python\Python38\;C:\Users\Alex Andreba\AppData\Local\Microsoft\WindowsApps;C:\Users\Alex Andreba\AppData\Local\atom\bin;C:\ProgramData\Alex Andreba\atom\bin;C:\Windows.old\Users\Alex Andreba\AppData\Local\atom\bin;C:\ffmpeg\bin;C:\Users\Alex Andreba\.dotnet\tools;C:\Users\Alex Andreba\AppData\Local\Programs\Microsoft VS Code\bin;C:\Program Files\JetBrains\IntelliJ IDEA Community Edition 2020.2.3\bin;
USERNAME=Alex Andreba
OS=Windows_NT
PROCESSOR_IDENTIFIER=Intel64 Family 6 Model 158 Stepping 10, GenuineIntel



---------------  S Y S T E M  ---------------

OS:
 Windows 10 , 64 bit Build 18362 (10.0.18362.778)
OS uptime: 0 days 13:47 hours
HyperV virtualization detected

CPU: total 12 (initial active 12) (6 cores per cpu, 2 threads per core) family 6 model 158 stepping 10 microcode 0xb4, cmov, cx8, fxsr, mmx, sse, sse2, sse3, ssse3, sse4.1, sse4.2, popcnt, vzeroupper, avx, avx2, aes, clmul, erms, rtm, 3dnowpref, lzcnt, ht, tsc, tscinvbit, bmi1, bmi2, adx, fma, clflush, clflushopt

Memory: 4k page, system-wide physical 16314M (4650M free)
TotalPageFile size 25530M (AvailPageFile size 8417M)
current process WorkingSet (physical memory assigned to process): 100M, peak: 100M
current process commit charge ("private bytes"): 408M, peak: 408M

vm_info: OpenJDK 64-Bit Server VM (15.0.1+9-18) for windows-amd64 JRE (15.0.1+9-18), built on Sep 15 2020 14:39:31 by "mach5one" with unknown MS VC++:1925

END.
